# JRE version: Java(TM) SE Runtime Environment (8.0_111-b14) (build 1.8.0_111-b14)
# Java VM: Java HotSpot(TM) 64-Bit Server VM (25.111-b14 mixed mode bsd-amd64 compressed oops)
Heap:
 PSYoungGen      total 53760K, used 5953K [0x0000000795580000, 0x0000000799f00000, 0x00000007c0000000)
  eden space 50176K, 4% used [0x0000000795580000,0x00000007957dc5a0,0x0000000798680000)
  from space 3584K, 98% used [0x0000000799b80000,0x0000000799ef41a8,0x0000000799f00000)
  to   space 5120K, 0% used [0x0000000799500000,0x0000000799500000,0x0000000799a00000)
 ParOldGen       total 110592K, used 17465K [0x0000000740000000, 0x0000000746c00000, 0x0000000795580000)
  object space 110592K, 15% used [0x0000000740000000,0x000000074110e650,0x0000000746c00000)
 Metaspace       used 15064K, capacity 15306K, committed 15616K, reserved 1062912K
  class space    used 1861K, capacity 1951K, committed 2048K, reserved 1048576K
GC Heap History (6 events):
Event: 0.796 GC heap before
{Heap before GC invocations=1 (full 0):
 PSYoungGen      total 38400K, used 33280K [0x0000000795580000, 0x0000000798000000, 0x00000007c0000000)
  eden space 33280K, 100% used [0x0000000795580000,0x0000000797600000,0x0000000797600000)
  from space 5120K, 0% used [0x0000000797b00000,0x0000000797b00000,0x0000000798000000)
  to   space 5120K, 0% used [0x0000000797600000,0x0000000797600000,0x0000000797b00000)
 ParOldGen       total 87552K, used 0K [0x0000000740000000, 0x0000000745580000, 0x0000000795580000)
  object space 87552K, 0% used [0x0000000740000000,0x0000000740000000,0x0000000745580000)
 Metaspace       used 8785K, capacity 8962K, committed 9088K, reserved 1056768K
  class space    used 1065K, capacity 1151K, committed 1152K, reserved 1048576K
Event: 0.820 GC heap after
Heap after GC invocations=1 (full 0):
 PSYoungGen      total 38400K, used 1568K [0x0000000795580000, 0x000000079a080000, 0x00000007c0000000)
  eden space 33280K, 0% used [0x0000000795580000,0x0000000795580000,0x0000000797600000)
  from space 5120K, 30% used [0x0000000797600000,0x0000000797788000,0x0000000797b00000)
  to   space 5120K, 0% used [0x0000000799b80000,0x0000000799b80000,0x000000079a080000)
 ParOldGen       total 87552K, used 48008K [0x0000000740000000, 0x0000000745580000, 0x0000000795580000)
  object space 87552K, 54% used [0x0000000740000000,0x0000000742ee2030,0x0000000745580000)
 Metaspace       used 8785K, capacity 8962K, committed 9088K, reserved 1056768K
  class space    used 1065K, capacity 1151K, committed 1152K, reserved 1048576K
}
Event: 0.820 GC heap before
{Heap before GC invocations=2 (full 1):
 PSYoungGen      total 38400K, used 1568K [0x0000000795580000, 0x000000079a080000, 0x00000007c0000000)
  eden space 33280K, 0% used [0x0000000795580000,0x0000000795580000,0x0000000797600000)
  from space 5120K, 30% used [0x0000000797600000,0x0000000797788000,0x0000000797b00000)
  to   space 5120K, 0% used [0x0000000799b80000,0x0000000799b80000,0x000000079a080000)
 ParOldGen       total 87552K, used 48008K [0x0000000740000000, 0x0000000745580000, 0x0000000795580000)
  object space 87552K, 54% used [0x0000000740000000,0x0000000742ee2030,0x0000000745580000)
 Metaspace       used 8785K, capacity 8962K, committed 9088K, reserved 1056768K
  class space    used 1065K, capacity 1151K, committed 1152K, reserved 1048576K
Event: 0.832 GC heap after
Heap after GC invocations=2 (full 1):
 PSYoungGen      total 38400K, used 0K [0x0000000795580000, 0x000000079a080000, 0x00000007c0000000)
  eden space 33280K, 0% used [0x0000000795580000,0x0000000795580000,0x0000000797600000)
  from space 5120K, 0% used [0x0000000797600000,0x0000000797600000,0x0000000797b00000)
  to   space 5120K, 0% used [0x0000000799b80000,0x0000000799b80000,0x000000079a080000)
 ParOldGen       total 110592K, used 17457K [0x0000000740000000, 0x0000000746c00000, 0x0000000795580000)
  object space 110592K, 15% used [0x0000000740000000,0x000000074110c650,0x0000000746c00000)
 Metaspace       used 8785K, capacity 8962K, committed 9088K, reserved 1056768K
  class space    used 1065K, capacity 1151K, committed 1152K, reserved 1048576K
}
Event: 17.700 GC heap before
{Heap before GC invocations=3 (full 1):
 PSYoungGen      total 38400K, used 33280K [0x0000000795580000, 0x000000079a080000, 0x00000007c0000000)
  eden space 33280K, 100% used [0x0000000795580000,0x0000000797600000,0x0000000797600000)
  from space 5120K, 0% used [0x0000000797600000,0x0000000797600000,0x0000000797b00000)
  to   space 5120K, 0% used [0x0000000799b80000,0x0000000799b80000,0x000000079a080000)
 ParOldGen       total 110592K, used 17457K [0x0000000740000000, 0x0000000746c00000, 0x0000000795580000)
  object space 110592K, 15% used [0x0000000740000000,0x000000074110c650,0x0000000746c00000)
 Metaspace       used 15061K, capacity 15306K, committed 15616K, reserved 1062912K
  class space    used 1861K, capacity 1951K, committed 2048K, reserved 1048576K
Event: 17.707 GC heap after
Heap after GC invocations=3 (full 1):
 PSYoungGen      total 53760K, used 3536K [0x0000000795580000, 0x0000000799f00000, 0x00000007c0000000)
  eden space 50176K, 0% used [0x0000000795580000,0x0000000795580000,0x0000000798680000)
  from space 3584K, 98% used [0x0000000799b80000,0x0000000799ef41a8,0x0000000799f00000)
  to   space 5120K, 0% used [0x0000000799500000,0x0000000799500000,0x0000000799a00000)
 ParOldGen       total 110592K, used 17465K [0x0000000740000000, 0x0000000746c00000, 0x0000000795580000)
  object space 110592K, 15% used [0x0000000740000000,0x000000074110e650,0x0000000746c00000)
 Metaspace       used 15061K, capacity 15306K, committed 15616K, reserved 1062912K
  class space    used 1861K, capacity 1951K, committed 2048K, reserved 1048576K
}

