# JRE version: Java(TM) SE Runtime Environment (8.0_111-b14) (build 1.8.0_111-b14)
# Java VM: Java HotSpot(TM) 64-Bit Server VM (25.111-b14 mixed mode bsd-amd64 compressed oops)
Heap:
 PSYoungGen      total 54272K, used 5904K [0x0000000795580000, 0x0000000799f00000, 0x00000007c0000000)
  eden space 50688K, 4% used [0x0000000795580000,0x00000007957e45d8,0x0000000798700000)
  from space 3584K, 96% used [0x0000000799b80000,0x0000000799edfaa8,0x0000000799f00000)
  to   space 5120K, 0% used [0x0000000799500000,0x0000000799500000,0x0000000799a00000)
 ParOldGen       total 109568K, used 17464K [0x0000000740000000, 0x0000000746b00000, 0x0000000795580000)
  object space 109568K, 15% used [0x0000000740000000,0x000000074110e280,0x0000000746b00000)
 Metaspace       used 14989K, capacity 15242K, committed 15616K, reserved 1062912K
  class space    used 1850K, capacity 1951K, committed 2048K, reserved 1048576K
GC Heap History (6 events):
Event: 0.718 GC heap before
{Heap before GC invocations=1 (full 0):
 PSYoungGen      total 38400K, used 33280K [0x0000000795580000, 0x0000000798000000, 0x00000007c0000000)
  eden space 33280K, 100% used [0x0000000795580000,0x0000000797600000,0x0000000797600000)
  from space 5120K, 0% used [0x0000000797b00000,0x0000000797b00000,0x0000000798000000)
  to   space 5120K, 0% used [0x0000000797600000,0x0000000797600000,0x0000000797b00000)
 ParOldGen       total 87552K, used 0K [0x0000000740000000, 0x0000000745580000, 0x0000000795580000)
  object space 87552K, 0% used [0x0000000740000000,0x0000000740000000,0x0000000745580000)
 Metaspace       used 8789K, capacity 8962K, committed 9088K, reserved 1056768K
  class space    used 1065K, capacity 1151K, committed 1152K, reserved 1048576K
Event: 0.745 GC heap after
Heap after GC invocations=1 (full 0):
 PSYoungGen      total 38400K, used 1552K [0x0000000795580000, 0x000000079a080000, 0x00000007c0000000)
  eden space 33280K, 0% used [0x0000000795580000,0x0000000795580000,0x0000000797600000)
  from space 5120K, 30% used [0x0000000797600000,0x0000000797784010,0x0000000797b00000)
  to   space 5120K, 0% used [0x0000000799b80000,0x0000000799b80000,0x000000079a080000)
 ParOldGen       total 87552K, used 48008K [0x0000000740000000, 0x0000000745580000, 0x0000000795580000)
  object space 87552K, 54% used [0x0000000740000000,0x0000000742ee2030,0x0000000745580000)
 Metaspace       used 8789K, capacity 8962K, committed 9088K, reserved 1056768K
  class space    used 1065K, capacity 1151K, committed 1152K, reserved 1048576K
}
Event: 0.745 GC heap before
{Heap before GC invocations=2 (full 1):
 PSYoungGen      total 38400K, used 1552K [0x0000000795580000, 0x000000079a080000, 0x00000007c0000000)
  eden space 33280K, 0% used [0x0000000795580000,0x0000000795580000,0x0000000797600000)
  from space 5120K, 30% used [0x0000000797600000,0x0000000797784010,0x0000000797b00000)
  to   space 5120K, 0% used [0x0000000799b80000,0x0000000799b80000,0x000000079a080000)
 ParOldGen       total 87552K, used 48008K [0x0000000740000000, 0x0000000745580000, 0x0000000795580000)
  object space 87552K, 54% used [0x0000000740000000,0x0000000742ee2030,0x0000000745580000)
 Metaspace       used 8789K, capacity 8962K, committed 9088K, reserved 1056768K
  class space    used 1065K, capacity 1151K, committed 1152K, reserved 1048576K
Event: 0.757 GC heap after
Heap after GC invocations=2 (full 1):
 PSYoungGen      total 38400K, used 0K [0x0000000795580000, 0x000000079a080000, 0x00000007c0000000)
  eden space 33280K, 0% used [0x0000000795580000,0x0000000795580000,0x0000000797600000)
  from space 5120K, 0% used [0x0000000797600000,0x0000000797600000,0x0000000797b00000)
  to   space 5120K, 0% used [0x0000000799b80000,0x0000000799b80000,0x000000079a080000)
 ParOldGen       total 109568K, used 17456K [0x0000000740000000, 0x0000000746b00000, 0x0000000795580000)
  object space 109568K, 15% used [0x0000000740000000,0x000000074110c280,0x0000000746b00000)
 Metaspace       used 8789K, capacity 8962K, committed 9088K, reserved 1056768K
  class space    used 1065K, capacity 1151K, committed 1152K, reserved 1048576K
}
Event: 19.264 GC heap before
{Heap before GC invocations=3 (full 1):
 PSYoungGen      total 38400K, used 33280K [0x0000000795580000, 0x000000079a080000, 0x00000007c0000000)
  eden space 33280K, 100% used [0x0000000795580000,0x0000000797600000,0x0000000797600000)
  from space 5120K, 0% used [0x0000000797600000,0x0000000797600000,0x0000000797b00000)
  to   space 5120K, 0% used [0x0000000799b80000,0x0000000799b80000,0x000000079a080000)
 ParOldGen       total 109568K, used 17456K [0x0000000740000000, 0x0000000746b00000, 0x0000000795580000)
  object space 109568K, 15% used [0x0000000740000000,0x000000074110c280,0x0000000746b00000)
 Metaspace       used 14987K, capacity 15242K, committed 15616K, reserved 1062912K
  class space    used 1850K, capacity 1951K, committed 2048K, reserved 1048576K
Event: 19.269 GC heap after
Heap after GC invocations=3 (full 1):
 PSYoungGen      total 54272K, used 3454K [0x0000000795580000, 0x0000000799f00000, 0x00000007c0000000)
  eden space 50688K, 0% used [0x0000000795580000,0x0000000795580000,0x0000000798700000)
  from space 3584K, 96% used [0x0000000799b80000,0x0000000799edfaa8,0x0000000799f00000)
  to   space 5120K, 0% used [0x0000000799500000,0x0000000799500000,0x0000000799a00000)
 ParOldGen       total 109568K, used 17464K [0x0000000740000000, 0x0000000746b00000, 0x0000000795580000)
  object space 109568K, 15% used [0x0000000740000000,0x000000074110e280,0x0000000746b00000)
 Metaspace       used 14987K, capacity 15242K, committed 15616K, reserved 1062912K
  class space    used 1850K, capacity 1951K, committed 2048K, reserved 1048576K
}

